Using pre-set license
Built from '2022.1/staging' branch; Version is '2022.1.16f1 (7321c9670bc2) revision 7545289'; Using compiler version '192829333'; Build Type 'Release'
OS: 'Windows 10  (10.0.19045) 64bit Education' Language: 'en' Physical Memory: 16309 MB
BatchMode: 1, IsHumanControllingUs: 0, StartBugReporterOnCrash: 0, Is64bit: 1, IsPro: 1

COMMAND LINE ARGUMENTS:
C:\Program Files\Unity\Hub\Editor\2022.1.16f1\Editor\Unity.exe
-adb2
-batchMode
-noUpm
-name
AssetImportWorker1
-projectPath
D:/528286/LegoGame
-logFile
Logs/AssetImportWorker1.log
-srvPort
58053
Successfully changed project path to: D:/528286/LegoGame
D:/528286/LegoGame
[UnityMemory] Configuration Parameters - Can be set up in boot.config
    "memorysetup-bucket-allocator-granularity=16"
    "memorysetup-bucket-allocator-bucket-count=8"
    "memorysetup-bucket-allocator-block-size=33554432"
    "memorysetup-bucket-allocator-block-count=8"
    "memorysetup-main-allocator-block-size=16777216"
    "memorysetup-thread-allocator-block-size=16777216"
    "memorysetup-gfx-main-allocator-block-size=16777216"
    "memorysetup-gfx-thread-allocator-block-size=16777216"
    "memorysetup-cache-allocator-block-size=4194304"
    "memorysetup-typetree-allocator-block-size=2097152"
    "memorysetup-profiler-bucket-allocator-granularity=16"
    "memorysetup-profiler-bucket-allocator-bucket-count=8"
    "memorysetup-profiler-bucket-allocator-block-size=33554432"
    "memorysetup-profiler-bucket-allocator-block-count=8"
    "memorysetup-profiler-allocator-block-size=16777216"
    "memorysetup-profiler-editor-allocator-block-size=1048576"
    "memorysetup-temp-allocator-size-main=16777216"
    "memorysetup-job-temp-allocator-block-size=2097152"
    "memorysetup-job-temp-allocator-block-size-background=1048576"
    "memorysetup-job-temp-allocator-reduction-small-platforms=262144"
    "memorysetup-temp-allocator-size-background-worker=32768"
    "memorysetup-temp-allocator-size-job-worker=262144"
    "memorysetup-temp-allocator-size-preload-manager=33554432"
    "memorysetup-temp-allocator-size-nav-mesh-worker=65536"
    "memorysetup-temp-allocator-size-audio-worker=65536"
    "memorysetup-temp-allocator-size-cloud-worker=32768"
    "memorysetup-temp-allocator-size-gi-baking-worker=262144"
    "memorysetup-temp-allocator-size-gfx=262144"
Refreshing native plugins compatible for Editor in 164.10 ms, found 3 plugins.
Preloading 0 native plugins for Editor in 0.00 ms.
Initialize engine version: 2022.1.16f1 (7321c9670bc2)
[Subsystems] Discovering subsystems at path C:/Program Files/Unity/Hub/Editor/2022.1.16f1/Editor/Data/Resources/UnitySubsystems
[Subsystems] Discovering subsystems at path D:/528286/LegoGame/Assets
GfxDevice: creating device client; threaded=0; jobified=0
Direct3D:
    Version:  Direct3D 11.0 [level 11.1]
    Renderer: NVIDIA GeForce GTX 1650 (ID=0x2188)
    Vendor:   NVIDIA
    VRAM:     3949 MB
    Driver:   31.0.15.3623
Initialize mono
Mono path[0] = 'C:/Program Files/Unity/Hub/Editor/2022.1.16f1/Editor/Data/Managed'
Mono path[1] = 'C:/Program Files/Unity/Hub/Editor/2022.1.16f1/Editor/Data/MonoBleedingEdge/lib/mono/unityjit-win32'
Mono config path = 'C:/Program Files/Unity/Hub/Editor/2022.1.16f1/Editor/Data/MonoBleedingEdge/etc'
Using monoOptions --debugger-agent=transport=dt_socket,embedding=1,server=y,suspend=n,address=127.0.0.1:56648
Begin MonoManager ReloadAssembly
Registering precompiled unity dll's ...
Register platform support module: C:/Program Files/Unity/Hub/Editor/2022.1.16f1/Editor/Data/PlaybackEngines/WebGLSupport/UnityEditor.WebGL.Extensions.dll
Register platform support module: C:/Program Files/Unity/Hub/Editor/2022.1.16f1/Editor/Data/PlaybackEngines/MacStandaloneSupport/UnityEditor.OSXStandalone.Extensions.dll
Register platform support module: C:/Program Files/Unity/Hub/Editor/2022.1.16f1/Editor/Data/PlaybackEngines/AndroidPlayer/UnityEditor.Android.Extensions.dll
Register platform support module: C:/Program Files/Unity/Hub/Editor/2022.1.16f1/Editor/Data/PlaybackEngines/iOSSupport/UnityEditor.iOS.Extensions.dll
Register platform support module: C:/Program Files/Unity/Hub/Editor/2022.1.16f1/Editor/Data/PlaybackEngines/AppleTVSupport/UnityEditor.AppleTV.Extensions.dll
Register platform support module: C:/Program Files/Unity/Hub/Editor/2022.1.16f1/Editor/Data/PlaybackEngines/WindowsStandaloneSupport/UnityEditor.WindowsStandalone.Extensions.dll
Register platform support module: C:/Program Files/Unity/Hub/Editor/2022.1.16f1/Editor/Data/PlaybackEngines/LinuxStandaloneSupport/UnityEditor.LinuxStandalone.Extensions.dll
Register platform support module: C:/Program Files/Unity/Hub/Editor/2022.1.16f1/Editor/Data/PlaybackEngines/MetroSupport/UnityEditor.UWP.Extensions.dll
Registered in 0.018357 seconds.
Native extension for UWP target not found
Native extension for LinuxStandalone target not found
Native extension for WindowsStandalone target not found
[usbmuxd] Start listen thread
[usbmuxd] Listen thread started
Native extension for AppleTV target not found
[usbmuxd] Start listen thread
[usbmuxd] Listen thread started
Native extension for iOS target not found
Native extension for Android target not found
Native extension for OSXStandalone target not found
Native extension for WebGL target not found
Refreshing native plugins compatible for Editor in 143.39 ms, found 3 plugins.
Preloading 0 native plugins for Editor in 0.00 ms.
Mono: successfully reloaded assembly
- Completed reload, in  0.797 seconds
Domain Reload Profiling:
	ReloadAssembly (797ms)
		BeginReloadAssembly (105ms)
			ExecutionOrderSort (0ms)
			DisableScriptedObjects (0ms)
			BackupInstance (0ms)
			ReleaseScriptingObjects (0ms)
			CreateAndSetChildDomain (1ms)
		EndReloadAssembly (562ms)
			LoadAssemblies (103ms)
			RebuildTransferFunctionScriptingTraits (0ms)
			SetupTypeCache (123ms)
				TypeCache.Initialize (123ms)
					TypeCache.ScanAssembly (121ms)
				ResolveRequiredComponents (0ms)
			ReleaseScriptCaches (0ms)
			RebuildScriptCaches (25ms)
			SetupLoadedEditorAssemblies (353ms)
				LogAssemblyErrors (0ms)
				InitializePlatformSupportModulesInManaged (69ms)
				SetLoadedEditorAssemblies (6ms)
				RefreshPlugins (143ms)
				BeforeProcessingInitializeOnLoad (1ms)
				ProcessInitializeOnLoadAttributes (93ms)
				ProcessInitializeOnLoadMethodAttributes (41ms)
				AfterProcessingInitializeOnLoad (0ms)
				EditorAssembliesLoaded (0ms)
			ExecutionOrderSort2 (0ms)
			AwakeInstancesAfterBackupRestoration (0ms)
Platform modules already initialized, skipping
Registering precompiled user dll's ...
Registered in 0.007991 seconds.
Begin MonoManager ReloadAssembly
Symbol file LoadedFromMemory doesn't match image D:\528286\LegoGame\Library\PackageCache\com.unity.visualscripting@1.7.8\Editor\VisualScripting.Core\Dependencies\YamlDotNet\Unity.VisualScripting.YamlDotNet.dll
Symbol file LoadedFromMemory doesn't match image D:\528286\LegoGame\Library\PackageCache\com.unity.visualscripting@1.7.8\Editor\VisualScripting.Core\Dependencies\DotNetZip\Unity.VisualScripting.IonicZip.dll
Native extension for UWP target not found
Native extension for LinuxStandalone target not found
Native extension for WindowsStandalone target not found
Native extension for AppleTV target not found
Native extension for iOS target not found
Native extension for Android target not found
Native extension for OSXStandalone target not found
Native extension for WebGL target not found
Refreshing native plugins compatible for Editor in 163.43 ms, found 3 plugins.
Preloading 0 native plugins for Editor in 0.00 ms.
Mono: successfully reloaded assembly
- Completed reload, in  1.704 seconds
Domain Reload Profiling:
	ReloadAssembly (1705ms)
		BeginReloadAssembly (137ms)
			ExecutionOrderSort (0ms)
			DisableScriptedObjects (5ms)
			BackupInstance (0ms)
			ReleaseScriptingObjects (0ms)
			CreateAndSetChildDomain (22ms)
		EndReloadAssembly (1432ms)
			LoadAssemblies (134ms)
			RebuildTransferFunctionScriptingTraits (0ms)
			SetupTypeCache (327ms)
				TypeCache.Initialize (314ms)
					TypeCache.ScanAssembly (308ms)
				ResolveRequiredComponents (13ms)
			ReleaseScriptCaches (1ms)
			RebuildScriptCaches (90ms)
			SetupLoadedEditorAssemblies (837ms)
				LogAssemblyErrors (0ms)
				InitializePlatformSupportModulesInManaged (43ms)
				SetLoadedEditorAssemblies (6ms)
				RefreshPlugins (164ms)
				BeforeProcessingInitializeOnLoad (150ms)
				ProcessInitializeOnLoadAttributes (369ms)
				ProcessInitializeOnLoadMethodAttributes (89ms)
				AfterProcessingInitializeOnLoad (16ms)
				EditorAssembliesLoaded (0ms)
			ExecutionOrderSort2 (0ms)
			AwakeInstancesAfterBackupRestoration (6ms)
Platform modules already initialized, skipping
========================================================================
Worker process is ready to serve import requests
Launched and connected shader compiler UnityShaderCompiler.exe after 0.06 seconds
Refreshing native plugins compatible for Editor in 2.12 ms, found 3 plugins.
Preloading 0 native plugins for Editor in 0.00 ms.
Unloading 5823 Unused Serialized files (Serialized files now loaded: 0)
Unloading 47 unused Assets / (421.0 KB). Loaded Objects now: 6280.
Memory consumption went from 0.91 GB to 0.90 GB.
Total: 4.754100 ms (FindLiveObjects: 0.733900 ms CreateObjectMapping: 0.196800 ms MarkObjects: 3.579800 ms  DeleteObjects: 0.242100 ms)

AssetImportParameters requested are different than current active one (requested -> active):
  custom:video-decoder-ogg-theora: a1e56fd34408186e4bbccfd4996cb3dc -> 
  custom:container-muxer-webm: aa71ff27fc2769a1b78a27578f13a17b -> 
  custom:container-demuxer-webm: 4f35f7cbe854078d1ac9338744f61a02 -> 
  custom:video-encoder-webm-vp8: eb34c28f22e8b96e1ab97ce403110664 -> 
  custom:audio-encoder-webm-vorbis: bf7c407c2cedff20999df2af8eb42d56 -> 
  custom:framework-win-MediaFoundation: 216162199b28c13a410421893ffa2e32 -> 
  custom:container-demuxer-ogg: 62fdf1f143b41e24485cea50d1cbac27 -> 
  custom:video-decoder-webm-vp8: 9c59270c3fd7afecdb556c50c9e8de78 -> 
  custom:audio-decoder-ogg-vorbis: bf7c407c2cedff20999df2af8eb42d56 -> 
========================================================================
Received Import Request.
  Time since last request: 364599.174312 seconds.
  path: Assets/LEGO Data/Colliders/2432.prefab
  artifactKey: Guid(ceec17371c182b8438955d3dd0804413) Importer(815301076,1909f56bfc062723c751e8b465ee728b)
Start importing Assets/LEGO Data/Colliders/2432.prefab using Guid(ceec17371c182b8438955d3dd0804413) Importer(815301076,1909f56bfc062723c751e8b465ee728b)  -> (artifact id: 'f7ad6d4f16926d7491333a21b5092672') in 0.070958 seconds 
========================================================================
Received Import Request.
  Time since last request: 0.000026 seconds.
  path: Assets/LEGO Data/Colliders/3705.prefab
  artifactKey: Guid(5429012378a71b14c84dbceb942ca6d5) Importer(815301076,1909f56bfc062723c751e8b465ee728b)
Start importing Assets/LEGO Data/Colliders/3705.prefab using Guid(5429012378a71b14c84dbceb942ca6d5) Importer(815301076,1909f56bfc062723c751e8b465ee728b)  -> (artifact id: '0afa1e9eddd18f49b32a149cbc42fb4c') in 0.012053 seconds 
========================================================================
Received Import Request.
  Time since last request: 0.000028 seconds.
  path: Assets/LEGO Data/Colliders/4871.prefab
  artifactKey: Guid(a4425dfd4e908854fa4a7685a0a3b1c6) Importer(815301076,1909f56bfc062723c751e8b465ee728b)
Start importing Assets/LEGO Data/Colliders/4871.prefab using Guid(a4425dfd4e908854fa4a7685a0a3b1c6) Importer(815301076,1909f56bfc062723c751e8b465ee728b)  -> (artifact id: '837cb7ca2432570e16a094e6f3b85c9e') in 0.012834 seconds 
========================================================================
Received Import Request.
  Time since last request: 0.000022 seconds.
  path: Assets/LEGO Data/Colliders/11253.prefab
  artifactKey: Guid(8f33f11632ea0324da41597ee8004842) Importer(815301076,1909f56bfc062723c751e8b465ee728b)
Start importing Assets/LEGO Data/Colliders/11253.prefab using Guid(8f33f11632ea0324da41597ee8004842) Importer(815301076,1909f56bfc062723c751e8b465ee728b)  -> (artifact id: '23a66378a8261fa3ea114095aa144564') in 0.012513 seconds 
========================================================================
Received Import Request.
  Time since last request: 0.000022 seconds.
  path: Assets/LEGO Data/Colliders/11477.prefab
  artifactKey: Guid(676e9f62eec9d7a429d1ebfe28282747) Importer(815301076,1909f56bfc062723c751e8b465ee728b)
Start importing Assets/LEGO Data/Colliders/11477.prefab using Guid(676e9f62eec9d7a429d1ebfe28282747) Importer(815301076,1909f56bfc062723c751e8b465ee728b)  -> (artifact id: 'f702ac38c5fea480f859b4bf0b584af3') in 0.010477 seconds 
========================================================================
Received Import Request.
  Time since last request: 0.000022 seconds.
  path: Assets/LEGO Data/Colliders/18677.prefab
  artifactKey: Guid(0e4e276daa1142348a32f1d4cb7364d2) Importer(815301076,1909f56bfc062723c751e8b465ee728b)
Start importing Assets/LEGO Data/Colliders/18677.prefab using Guid(0e4e276daa1142348a32f1d4cb7364d2) Importer(815301076,1909f56bfc062723c751e8b465ee728b)  -> (artifact id: '2b5f0da9441888578ea6b8217e1564a7') in 0.011820 seconds 
========================================================================
Received Import Request.
  Time since last request: 0.000027 seconds.
  path: Assets/LEGO Data/Colliders/26601.prefab
  artifactKey: Guid(1e1fc36d0e3ff7e4a9485ee9c46dfc37) Importer(815301076,1909f56bfc062723c751e8b465ee728b)
Start importing Assets/LEGO Data/Colliders/26601.prefab using Guid(1e1fc36d0e3ff7e4a9485ee9c46dfc37) Importer(815301076,1909f56bfc062723c751e8b465ee728b)  -> (artifact id: 'ef2bf325e093967dee6938f22b037b6c') in 0.011851 seconds 
========================================================================
Received Import Request.
  Time since last request: 0.000033 seconds.
  path: Assets/LEGO Data/Colliders/30357.prefab
  artifactKey: Guid(522399dbaf102da44a1ccd8908496be9) Importer(815301076,1909f56bfc062723c751e8b465ee728b)
Start importing Assets/LEGO Data/Colliders/30357.prefab using Guid(522399dbaf102da44a1ccd8908496be9) Importer(815301076,1909f56bfc062723c751e8b465ee728b)  -> (artifact id: 'bd71fbc2eb878af7e0ffe2c94814d012') in 0.013355 seconds 
========================================================================
Received Import Request.
  Time since last request: 0.000022 seconds.
  path: Assets/LEGO Data/Colliders/33909.prefab
  artifactKey: Guid(bdd2672748cdf2247a319bc3958a2c10) Importer(815301076,1909f56bfc062723c751e8b465ee728b)
Start importing Assets/LEGO Data/Colliders/33909.prefab using Guid(bdd2672748cdf2247a319bc3958a2c10) Importer(815301076,1909f56bfc062723c751e8b465ee728b)  -> (artifact id: 'e851b19af95df091aa1338b28c4a6c93') in 0.011982 seconds 
========================================================================
Received Import Request.
  Time since last request: 0.000023 seconds.
  path: Assets/LEGO Data/Colliders/4070.prefab
  artifactKey: Guid(8421f01094890124c92593ee4cbd5e4a) Importer(815301076,1909f56bfc062723c751e8b465ee728b)
Start importing Assets/LEGO Data/Colliders/4070.prefab using Guid(8421f01094890124c92593ee4cbd5e4a) Importer(815301076,1909f56bfc062723c751e8b465ee728b)  -> (artifact id: 'e7b9e75e14e57d20038ec4654c77baa5') in 0.012792 seconds 
========================================================================
Received Import Request.
  Time since last request: 0.000022 seconds.
  path: Assets/LEGO Data/Colliders/49668.prefab
  artifactKey: Guid(0d39b417065901f41b646d018cdb7cb0) Importer(815301076,1909f56bfc062723c751e8b465ee728b)
Start importing Assets/LEGO Data/Colliders/49668.prefab using Guid(0d39b417065901f41b646d018cdb7cb0) Importer(815301076,1909f56bfc062723c751e8b465ee728b)  -> (artifact id: '505c3ee622ab6f2368e105b63f742181') in 0.010695 seconds 
========================================================================
Received Import Request.
  Time since last request: 0.000022 seconds.
  path: Assets/LEGO Data/Colliders/99780.prefab
  artifactKey: Guid(cb76042a5f46b41458b45745dfea7bb9) Importer(815301076,1909f56bfc062723c751e8b465ee728b)
Start importing Assets/LEGO Data/Colliders/99780.prefab using Guid(cb76042a5f46b41458b45745dfea7bb9) Importer(815301076,1909f56bfc062723c751e8b465ee728b)  -> (artifact id: '1746b6b017363a899c979d525c04e1b9') in 0.011924 seconds 
========================================================================
Received Import Request.
  Time since last request: 0.000026 seconds.
  path: Assets/LEGO Data/Colliders/36841.prefab
  artifactKey: Guid(b3c3858a06b70bd4caf589e3026fc899) Importer(815301076,1909f56bfc062723c751e8b465ee728b)
Start importing Assets/LEGO Data/Colliders/36841.prefab using Guid(b3c3858a06b70bd4caf589e3026fc899) Importer(815301076,1909f56bfc062723c751e8b465ee728b)  -> (artifact id: 'd5bdcc49142ce494dc91f2982bfdfb84') in 0.011155 seconds 
========================================================================
Received Import Request.
  Time since last request: 0.000024 seconds.
  path: Assets/LEGO Data/Colliders/24201.prefab
  artifactKey: Guid(f2ad157dee37ddd46a175c4029cc5754) Importer(815301076,1909f56bfc062723c751e8b465ee728b)
Start importing Assets/LEGO Data/Colliders/24201.prefab using Guid(f2ad157dee37ddd46a175c4029cc5754) Importer(815301076,1909f56bfc062723c751e8b465ee728b)  -> (artifact id: '3e35c55760eb23aa87f311788c87ed3a') in 0.025111 seconds 
========================================================================
Received Import Request.
  Time since last request: 0.000035 seconds.
  path: Assets/LEGO Data/Colliders/50746.prefab
  artifactKey: Guid(c03da5923af33554dab0bc98aa88c701) Importer(815301076,1909f56bfc062723c751e8b465ee728b)
Start importing Assets/LEGO Data/Colliders/50746.prefab using Guid(c03da5923af33554dab0bc98aa88c701) Importer(815301076,1909f56bfc062723c751e8b465ee728b)  -> (artifact id: 'e0ec86515acebb4745e9da4df29ad163') in 0.039458 seconds 
========================================================================
Received Import Request.
  Time since last request: 0.000041 seconds.
  path: Assets/LEGO Data/Colliders/29119.prefab
  artifactKey: Guid(a59a85d25bf10b045ba5fa1663b4b829) Importer(815301076,1909f56bfc062723c751e8b465ee728b)
Start importing Assets/LEGO Data/Colliders/29119.prefab using Guid(a59a85d25bf10b045ba5fa1663b4b829) Importer(815301076,1909f56bfc062723c751e8b465ee728b)  -> (artifact id: 'ca93e51044208bf2fbfd15b2fe81725e') in 0.021134 seconds 
========================================================================
Received Import Request.
  Time since last request: 0.000044 seconds.
  path: Assets/LEGO Data/Connectivity/10247.prefab
  artifactKey: Guid(3bd07a5656ae6544eb3e6ddfd37c7e3f) Importer(815301076,1909f56bfc062723c751e8b465ee728b)
Start importing Assets/LEGO Data/Connectivity/10247.prefab using Guid(3bd07a5656ae6544eb3e6ddfd37c7e3f) Importer(815301076,1909f56bfc062723c751e8b465ee728b)  -> (artifact id: '45976889bfe51fb34cb29a5059408483') in 0.030392 seconds 
========================================================================
Received Import Request.
  Time since last request: 0.000023 seconds.
  path: Assets/LEGO Data/Colliders/10247.prefab
  artifactKey: Guid(015faa5cd2b3aa24cbcf630961d6cb41) Importer(815301076,1909f56bfc062723c751e8b465ee728b)
Start importing Assets/LEGO Data/Colliders/10247.prefab using Guid(015faa5cd2b3aa24cbcf630961d6cb41) Importer(815301076,1909f56bfc062723c751e8b465ee728b)  -> (artifact id: '848140b8eb8d97b09e60ee7a1d19f8be') in 0.007080 seconds 
========================================================================
Received Import Request.
  Time since last request: 0.000022 seconds.
  path: Assets/LEGO Data/Colliders/85984.prefab
  artifactKey: Guid(91d6ec2ddf15fed46a22fc6e25b2944d) Importer(815301076,1909f56bfc062723c751e8b465ee728b)
Start importing Assets/LEGO Data/Colliders/85984.prefab using Guid(91d6ec2ddf15fed46a22fc6e25b2944d) Importer(815301076,1909f56bfc062723c751e8b465ee728b)  -> (artifact id: 'd1ce3d938f4ebb7d8d3ed06c080cc885') in 0.012312 seconds 
========================================================================
Received Import Request.
  Time since last request: 0.000027 seconds.
  path: Assets/LEGO Data/Colliders/47457.prefab
  artifactKey: Guid(b8300f3ae79e7a448a9d62759ad75e7c) Importer(815301076,1909f56bfc062723c751e8b465ee728b)
Start importing Assets/LEGO Data/Colliders/47457.prefab using Guid(b8300f3ae79e7a448a9d62759ad75e7c) Importer(815301076,1909f56bfc062723c751e8b465ee728b)  -> (artifact id: 'a606769c750cafdbbe7871800a2400fa') in 0.012657 seconds 
========================================================================
Received Import Request.
  Time since last request: 0.000032 seconds.
  path: Assets/LEGO Data/Colliders/32064.prefab
  artifactKey: Guid(1df5145da1b8da64c986fff300c33354) Importer(815301076,1909f56bfc062723c751e8b465ee728b)
Start importing Assets/LEGO Data/Colliders/32064.prefab using Guid(1df5145da1b8da64c986fff300c33354) Importer(815301076,1909f56bfc062723c751e8b465ee728b)  -> (artifact id: 'c16509caab7c2377bb7128ed2a28e492') in 0.013129 seconds 
========================================================================
Received Import Request.
  Time since last request: 0.000027 seconds.
  path: Assets/LEGO Data/Colliders/3795.prefab
  artifactKey: Guid(5189457fbaac11f4aae57340d798b565) Importer(815301076,1909f56bfc062723c751e8b465ee728b)
Start importing Assets/LEGO Data/Colliders/3795.prefab using Guid(5189457fbaac11f4aae57340d798b565) Importer(815301076,1909f56bfc062723c751e8b465ee728b)  -> (artifact id: '941e6740bd3f1f8c8ae04f4dc1321369') in 0.039557 seconds 
========================================================================
Received Import Request.
  Time since last request: 0.000025 seconds.
  path: Assets/LEGO Data/Colliders/93273.prefab
  artifactKey: Guid(9c9ff26d1dc9e44419a576e26995d603) Importer(815301076,1909f56bfc062723c751e8b465ee728b)
Start importing Assets/LEGO Data/Colliders/93273.prefab using Guid(9c9ff26d1dc9e44419a576e26995d603) Importer(815301076,1909f56bfc062723c751e8b465ee728b)  -> (artifact id: '8b5b8e82e8ef2756d70f7ba50cadeda3') in 0.012574 seconds 
========================================================================
Received Import Request.
  Time since last request: 0.000029 seconds.
  path: Assets/LEGO Data/Colliders/15573.prefab
  artifactKey: Guid(f2e91dc2c994a5b48975a31e66dcefc5) Importer(815301076,1909f56bfc062723c751e8b465ee728b)
Start importing Assets/LEGO Data/Colliders/15573.prefab using Guid(f2e91dc2c994a5b48975a31e66dcefc5) Importer(815301076,1909f56bfc062723c751e8b465ee728b)  -> (artifact id: 'a93482915aafa53d6fab00123ae6365d') in 0.011819 seconds 
========================================================================
Received Import Request.
  Time since last request: 0.000022 seconds.
  path: Assets/LEGO Data/Colliders/92946.prefab
  artifactKey: Guid(57db81351cef94345ab658bec8955c74) Importer(815301076,1909f56bfc062723c751e8b465ee728b)
Start importing Assets/LEGO Data/Colliders/92946.prefab using Guid(57db81351cef94345ab658bec8955c74) Importer(815301076,1909f56bfc062723c751e8b465ee728b)  -> (artifact id: '05649b1a88a839c119b5680fd5098472') in 0.010435 seconds 
========================================================================
Received Import Request.
  Time since last request: 0.000018 seconds.
  path: Assets/LEGO Data/Colliders/27263.prefab
  artifactKey: Guid(895e6008793be7040a439bc55b204188) Importer(815301076,1909f56bfc062723c751e8b465ee728b)
Start importing Assets/LEGO Data/Colliders/27263.prefab using Guid(895e6008793be7040a439bc55b204188) Importer(815301076,1909f56bfc062723c751e8b465ee728b)  -> (artifact id: '944f19501820aab5468d3bd6c12a6c07') in 0.011135 seconds 
========================================================================
Received Import Request.
  Time since last request: 0.000026 seconds.
  path: Assets/LEGO Data/Colliders/4595.prefab
  artifactKey: Guid(e8f70e6564b36a248a7296995ea8c497) Importer(815301076,1909f56bfc062723c751e8b465ee728b)
Start importing Assets/LEGO Data/Colliders/4595.prefab using Guid(e8f70e6564b36a248a7296995ea8c497) Importer(815301076,1909f56bfc062723c751e8b465ee728b)  -> (artifact id: '754f2fa10c4af0106a545aac293086a8') in 0.013357 seconds 
========================================================================
Received Import Request.
  Time since last request: 0.000028 seconds.
  path: Assets/LEGO Data/Connectivity/4871.prefab
  artifactKey: Guid(46fdfcf8e62ef144f9a1f9f9da2e4085) Importer(815301076,1909f56bfc062723c751e8b465ee728b)
Start importing Assets/LEGO Data/Connectivity/4871.prefab using Guid(46fdfcf8e62ef144f9a1f9f9da2e4085) Importer(815301076,1909f56bfc062723c751e8b465ee728b)  -> (artifact id: 'dadecd6039ea917aeebd9d397cae4765') in 0.006963 seconds 
========================================================================
Received Import Request.
  Time since last request: 0.000028 seconds.
  path: Assets/LEGO Data/Colliders/36840.prefab
  artifactKey: Guid(8446027c279831c49b8c01fb87a6fd02) Importer(815301076,1909f56bfc062723c751e8b465ee728b)
Start importing Assets/LEGO Data/Colliders/36840.prefab using Guid(8446027c279831c49b8c01fb87a6fd02) Importer(815301076,1909f56bfc062723c751e8b465ee728b)  -> (artifact id: '541fd82a8772ada1e5aa535e30bb1f21') in 0.013323 seconds 
========================================================================
Received Import Request.
  Time since last request: 0.000029 seconds.
  path: Assets/LEGO Data/Connectivity/3023.prefab
  artifactKey: Guid(d09dd089a36633444b5c06b5a212954c) Importer(815301076,1909f56bfc062723c751e8b465ee728b)
Start importing Assets/LEGO Data/Connectivity/3023.prefab using Guid(d09dd089a36633444b5c06b5a212954c) Importer(815301076,1909f56bfc062723c751e8b465ee728b)  -> (artifact id: '4bcb956e3cf49587ce135183155ca88b') in 0.006980 seconds 
========================================================================
Received Import Request.
  Time since last request: 0.000030 seconds.
  path: Assets/LEGO Data/Connectivity/2420.prefab
  artifactKey: Guid(38666c220f1530740bb165d7629cf9a4) Importer(815301076,1909f56bfc062723c751e8b465ee728b)
Start importing Assets/LEGO Data/Connectivity/2420.prefab using Guid(38666c220f1530740bb165d7629cf9a4) Importer(815301076,1909f56bfc062723c751e8b465ee728b)  -> (artifact id: '94a582d80101442552dac5634eca2545') in 0.006556 seconds 
========================================================================
Received Import Request.
  Time since last request: 0.000020 seconds.
  path: Assets/LEGO Data/Colliders/99207.prefab
  artifactKey: Guid(b88721ee1c0c8904e85ff1ad1cf1a481) Importer(815301076,1909f56bfc062723c751e8b465ee728b)
Start importing Assets/LEGO Data/Colliders/99207.prefab using Guid(b88721ee1c0c8904e85ff1ad1cf1a481) Importer(815301076,1909f56bfc062723c751e8b465ee728b)  -> (artifact id: '252721c089a7378c12852f2ebd2b8c17') in 0.013289 seconds 
========================================================================
Received Import Request.
  Time since last request: 0.000032 seconds.
  path: Assets/LEGO Data/Connectivity/3021.prefab
  artifactKey: Guid(b23770b2adc05274aa51738b8238a7f3) Importer(815301076,1909f56bfc062723c751e8b465ee728b)
Start importing Assets/LEGO Data/Connectivity/3021.prefab using Guid(b23770b2adc05274aa51738b8238a7f3) Importer(815301076,1909f56bfc062723c751e8b465ee728b)  -> (artifact id: '619f09450ca56c4ad13358ccb3047b51') in 0.006801 seconds 
========================================================================
Received Import Request.
  Time since last request: 0.000019 seconds.
  path: Assets/LEGO Data/Colliders/92280.prefab
  artifactKey: Guid(94754292a3a664a4088875aa2e56d8c4) Importer(815301076,1909f56bfc062723c751e8b465ee728b)
Start importing Assets/LEGO Data/Colliders/92280.prefab using Guid(94754292a3a664a4088875aa2e56d8c4) Importer(815301076,1909f56bfc062723c751e8b465ee728b)  -> (artifact id: '173437f2772035b902a2674a2a66aafd') in 0.012787 seconds 
========================================================================
Received Import Request.
  Time since last request: 0.000027 seconds.
  path: Assets/LEGO Data/Connectivity/3020.prefab
  artifactKey: Guid(e109a65c0e7bf1847a65e232a48f6243) Importer(815301076,1909f56bfc062723c751e8b465ee728b)
Start importing Assets/LEGO Data/Connectivity/3020.prefab using Guid(e109a65c0e7bf1847a65e232a48f6243) Importer(815301076,1909f56bfc062723c751e8b465ee728b)  -> (artifact id: 'fd7b8b20ac580475f0131bb91c6210af') in 0.013989 seconds 
========================================================================
Received Import Request.
  Time since last request: 0.000031 seconds.
  path: Assets/LEGO Data/Colliders/87580.prefab
  artifactKey: Guid(57528c6f79d027642b7e94bf2f468c08) Importer(815301076,1909f56bfc062723c751e8b465ee728b)
Start importing Assets/LEGO Data/Colliders/87580.prefab using Guid(57528c6f79d027642b7e94bf2f468c08) Importer(815301076,1909f56bfc062723c751e8b465ee728b)  -> (artifact id: '667e289f07ad2f0981879d52972a9d8c') in 0.013277 seconds 
========================================================================
Received Import Request.
  Time since last request: 0.000037 seconds.
  path: Assets/LEGO Data/Colliders/14417.prefab
  artifactKey: Guid(7b1e234e7af022344863919c0a7069df) Importer(815301076,1909f56bfc062723c751e8b465ee728b)
Start importing Assets/LEGO Data/Colliders/14417.prefab using Guid(7b1e234e7af022344863919c0a7069df) Importer(815301076,1909f56bfc062723c751e8b465ee728b)  -> (artifact id: 'cbfb86d1d94a6cf8ee15d5a26fb37f97') in 0.013143 seconds 
========================================================================
Received Import Request.
  Time since last request: 0.000025 seconds.
  path: Assets/LEGO Data/Colliders/15070.prefab
  artifactKey: Guid(7600f73556474784c9dfb26de631ec52) Importer(815301076,1909f56bfc062723c751e8b465ee728b)
Start importing Assets/LEGO Data/Colliders/15070.prefab using Guid(7600f73556474784c9dfb26de631ec52) Importer(815301076,1909f56bfc062723c751e8b465ee728b)  -> (artifact id: '933b1cc88583f44e76aa7a5dbeb4b62f') in 0.014502 seconds 
========================================================================
Received Import Request.
  Time since last request: 0.000030 seconds.
  path: Assets/LEGO Data/Colliders/3623.prefab
  artifactKey: Guid(ae23ba09945073c429054c491558429d) Importer(815301076,1909f56bfc062723c751e8b465ee728b)
Start importing Assets/LEGO Data/Colliders/3623.prefab using Guid(ae23ba09945073c429054c491558429d) Importer(815301076,1909f56bfc062723c751e8b465ee728b)  -> (artifact id: 'b45929c9e6792db64d87ea2538063c1a') in 0.013298 seconds 
========================================================================
Received Import Request.
  Time since last request: 0.000043 seconds.
  path: Assets/LEGO Data/Colliders/48336.prefab
  artifactKey: Guid(0f54393d3cec2964989c7b69a23fef39) Importer(815301076,1909f56bfc062723c751e8b465ee728b)
Start importing Assets/LEGO Data/Colliders/48336.prefab using Guid(0f54393d3cec2964989c7b69a23fef39) Importer(815301076,1909f56bfc062723c751e8b465ee728b)  -> (artifact id: 'a8cfba5c4f921de972fc7086fdec3527') in 0.013426 seconds 
========================================================================
Received Import Request.
  Time since last request: 0.000021 seconds.
  path: Assets/LEGO Data/Colliders/15068.prefab
  artifactKey: Guid(890e9c8a7a3ea0e4b82f0206213f04a4) Importer(815301076,1909f56bfc062723c751e8b465ee728b)
Start importing Assets/LEGO Data/Colliders/15068.prefab using Guid(890e9c8a7a3ea0e4b82f0206213f04a4) Importer(815301076,1909f56bfc062723c751e8b465ee728b)  -> (artifact id: 'fb643264abc70e5166e01d372005b2bb') in 0.013176 seconds 
========================================================================
Received Import Request.
  Time since last request: 0.000031 seconds.
  path: Assets/LEGO Data/Colliders/30375.prefab
  artifactKey: Guid(5437b326f0d38414bbb6334c3d8f6d7e) Importer(815301076,1909f56bfc062723c751e8b465ee728b)
Start importing Assets/LEGO Data/Colliders/30375.prefab using Guid(5437b326f0d38414bbb6334c3d8f6d7e) Importer(815301076,1909f56bfc062723c751e8b465ee728b)  -> (artifact id: 'd6b30b42f2d6a8f85e8a8eb591c1cc9d') in 0.013032 seconds 
========================================================================
Received Import Request.
  Time since last request: 0.000037 seconds.
  path: Assets/LEGO Data/Colliders/92593.prefab
  artifactKey: Guid(5f46be7bf41d1e34da4e865eb72f9c79) Importer(815301076,1909f56bfc062723c751e8b465ee728b)
Start importing Assets/LEGO Data/Colliders/92593.prefab using Guid(5f46be7bf41d1e34da4e865eb72f9c79) Importer(815301076,1909f56bfc062723c751e8b465ee728b)  -> (artifact id: 'e0b1a9c3e7c6c26c21d95600717f3668') in 0.014097 seconds 
========================================================================
Received Import Request.
  Time since last request: 0.000035 seconds.
  path: Assets/LEGO Data/Connectivity/11203.prefab
  artifactKey: Guid(a7b09398579806c44877c8d2712a843e) Importer(815301076,1909f56bfc062723c751e8b465ee728b)
Start importing Assets/LEGO Data/Connectivity/11203.prefab using Guid(a7b09398579806c44877c8d2712a843e) Importer(815301076,1909f56bfc062723c751e8b465ee728b)  -> (artifact id: 'e4a40dff2709dbb379e0a6d4f81918b1') in 0.006801 seconds 
========================================================================
Received Import Request.
  Time since last request: 0.000025 seconds.
  path: Assets/LEGO Data/Connectivity/3705.prefab
  artifactKey: Guid(9a5ef932aee4ba545b538254ee7c5899) Importer(815301076,1909f56bfc062723c751e8b465ee728b)
Start importing Assets/LEGO Data/Connectivity/3705.prefab using Guid(9a5ef932aee4ba545b538254ee7c5899) Importer(815301076,1909f56bfc062723c751e8b465ee728b)  -> (artifact id: '1708f7255ac19a7adc46224314f4c1b6') in 0.006447 seconds 
========================================================================
Received Import Request.
  Time since last request: 0.000027 seconds.
  path: Assets/LEGO Data/Connectivity/3623.prefab
  artifactKey: Guid(71c361c1effec684b8338df289dfcb3f) Importer(815301076,1909f56bfc062723c751e8b465ee728b)
Start importing Assets/LEGO Data/Connectivity/3623.prefab using Guid(71c361c1effec684b8338df289dfcb3f) Importer(815301076,1909f56bfc062723c751e8b465ee728b)  -> (artifact id: '1fd320f38acc7548c652eed19ad8ca9f') in 0.006567 seconds 
========================================================================
Received Import Request.
  Time since last request: 0.000021 seconds.
  path: Assets/LEGO Data/Connectivity/3795.prefab
  artifactKey: Guid(2eb47bd4c675b9e4da75491174b287ec) Importer(815301076,1909f56bfc062723c751e8b465ee728b)
Start importing Assets/LEGO Data/Connectivity/3795.prefab using Guid(2eb47bd4c675b9e4da75491174b287ec) Importer(815301076,1909f56bfc062723c751e8b465ee728b)  -> (artifact id: 'b6bc730ecdfbce52ee64411db7a732df') in 0.006922 seconds 
